Determining if the pthread_create exist failed with the following output:
Change Dir: /home/antonio/Nodi_Marco_Losbefero/build/CMakeFiles/CMakeTmp

Run Build Command:"/usr/bin/make" "cmTC_3d892/fast"
/usr/bin/make -f CMakeFiles/cmTC_3d892.dir/build.make CMakeFiles/cmTC_3d892.dir/build
make[1]: ingresso nella directory "/home/antonio/Nodi_Marco_Losbefero/build/CMakeFiles/CMakeTmp"
Building C object CMakeFiles/cmTC_3d892.dir/CheckSymbolExists.c.o
/usr/bin/cc    -o CMakeFiles/cmTC_3d892.dir/CheckSymbolExists.c.o   -c /home/antonio/Nodi_Marco_Losbefero/build/CMakeFiles/CMakeTmp/CheckSymbolExists.c
Linking C executable cmTC_3d892
/usr/bin/cmake -E cmake_link_script CMakeFiles/cmTC_3d892.dir/link.txt --verbose=1
/usr/bin/cc      -rdynamic CMakeFiles/cmTC_3d892.dir/CheckSymbolExists.c.o  -o cmTC_3d892 
CMakeFiles/cmTC_3d892.dir/CheckSymbolExists.c.o: nella funzione "main":
CheckSymbolExists.c:(.text+0x1b): riferimento non definito a "pthread_create"
collect2: error: ld returned 1 exit status
CMakeFiles/cmTC_3d892.dir/build.make:97: recipe for target 'cmTC_3d892' failed
make[1]: *** [cmTC_3d892] Error 1
make[1]: uscita dalla directory "/home/antonio/Nodi_Marco_Losbefero/build/CMakeFiles/CMakeTmp"
Makefile:126: recipe for target 'cmTC_3d892/fast' failed
make: *** [cmTC_3d892/fast] Error 2

File /home/antonio/Nodi_Marco_Losbefero/build/CMakeFiles/CMakeTmp/CheckSymbolExists.c:
/* */
#include <pthread.h>

int main(int argc, char** argv)
{
  (void)argv;
#ifndef pthread_create
  return ((int*)(&pthread_create))[argc];
#else
  (void)argc;
  return 0;
#endif
}

Determining if the function pthread_create exists in the pthreads failed with the following output:
Change Dir: /home/antonio/Nodi_Marco_Losbefero/build/CMakeFiles/CMakeTmp

Run Build Command:"/usr/bin/make" "cmTC_b8401/fast"
/usr/bin/make -f CMakeFiles/cmTC_b8401.dir/build.make CMakeFiles/cmTC_b8401.dir/build
make[1]: ingresso nella directory "/home/antonio/Nodi_Marco_Losbefero/build/CMakeFiles/CMakeTmp"
Building C object CMakeFiles/cmTC_b8401.dir/CheckFunctionExists.c.o
/usr/bin/cc   -DCHECK_FUNCTION_EXISTS=pthread_create   -o CMakeFiles/cmTC_b8401.dir/CheckFunctionExists.c.o   -c /usr/share/cmake-3.10/Modules/CheckFunctionExists.c
Linking C executable cmTC_b8401
/usr/bin/cmake -E cmake_link_script CMakeFiles/cmTC_b8401.dir/link.txt --verbose=1
/usr/bin/cc  -DCHECK_FUNCTION_EXISTS=pthread_create    -rdynamic CMakeFiles/cmTC_b8401.dir/CheckFunctionExists.c.o  -o cmTC_b8401 -lpthreads 
/usr/bin/ld: impossibile trovare -lpthreads
collect2: error: ld returned 1 exit status
CMakeFiles/cmTC_b8401.dir/build.make:97: recipe for target 'cmTC_b8401' failed
make[1]: *** [cmTC_b8401] Error 1
make[1]: uscita dalla directory "/home/antonio/Nodi_Marco_Losbefero/build/CMakeFiles/CMakeTmp"
Makefile:126: recipe for target 'cmTC_b8401/fast' failed
make: *** [cmTC_b8401/fast] Error 2


